<?xml version="1.0" encoding="UTF-8"?>
<!-- Generated by org.testng.reporters.JUnitReportReporter -->
<testsuite hostname="LAPTOP-TGUEFRPF" failures="0" tests="1" name="com.runner.RunnerClass" time="12.287" errors="0" timestamp="2022-01-17T20:45:28 IST" skipped="0">
  <testcase classname="com.runner.RunnerClass" name="sheetRunner" time="12.287"/>
  <system-out/>
</testsuite> <!-- com.runner.RunnerClass -->
